<?xml version="1.0" encoding="UTF-8"?>
<!-- Generated by org.testng.reporters.JUnitReportReporter -->
<testsuite skipped="0" hostname="PC-C02X50H9JGH8" name="user.UserTestCases" tests="4" failures="0" timestamp="2022-09-01T02:44:31 AEST" time="67.523" errors="0">
  <testcase name="AddCategoryToCart" time="14.356" classname="user.UserTestCases"/>
  <system-out/>
  <testcase name="ViewCategory" time="14.875" classname="user.UserTestCases"/>
  <system-out/>
  <testcase name="E2ETestUser" time="21.189" classname="user.UserTestCases"/>
  <system-out/>
  <testcase name="ListCategories" time="17.103" classname="user.UserTestCases"/>
  <system-out/>
</testsuite> <!-- user.UserTestCases -->
