<?xml version="1.0" encoding="UTF-8"?>
<!-- Generated by org.testng.reporters.JUnitReportReporter -->
<testsuite skipped="0" hostname="PC-C02X50H9JGH8" name="admin.adminTestCases" tests="2" failures="0" timestamp="2022-09-01T02:44:31 AEST" time="24.493" errors="0">
  <testcase name="editProduct" time="13.250" classname="admin.adminTestCases"/>
  <system-out/>
  <testcase name="addProduct" time="11.243" classname="admin.adminTestCases"/>
  <system-out/>
</testsuite> <!-- admin.adminTestCases -->
